<?xml version="1.0" encoding="UTF-8" ?>
<testsuite tests="50" failures="0" name="Test.LoginTest" time="5.749" errors="0" skipped="41">
  <properties>
[...]
</properties>
  <testcase classname="Test.LoginTest" name="testTKChuaDangKy[0]" time="0.438">
    <skipped/>
  </testcase>
  <testcase classname="Test.LoginTest" name="testTrongMK[0]" time="0.078">
    <skipped/>
  </testcase>
  <testcase classname="Test.LoginTest" name="testTrongTK[0]" time="0.047">
    <skipped/>
  </testcase>
  <testcase classname="Test.LoginTest" name="testMatkhauSai[0]" time="0.818"/>
  <testcase classname="Test.LoginTest" name="testDangNhapDung[0]" time="0.023">
    <skipped/>
  </testcase>
  <testcase classname="Test.LoginTest" name="testTKChuaDangKy[1]" time="0.042">
    <skipped/>
  </testcase>
  <testcase classname="Test.LoginTest" name="testTrongMK[1]" time="0.036">
    <skipped/>
  </testcase>
  <testcase classname="Test.LoginTest" name="testTrongTK[1]" time="0.033">
    <skipped/>
  </testcase>
  <testcase classname="Test.LoginTest" name="testMatkhauSai[1]" time="0.069"/>
  <testcase classname="Test.LoginTest" name="testDangNhapDung[1]" time="0.025">
    <skipped/>
  </testcase>
  <testcase classname="Test.LoginTest" name="testTKChuaDangKy[2]" time="0.036">
    <skipped/>
  </testcase>
  <testcase classname="Test.LoginTest" name="testTrongMK[2]" time="0.022">
    <skipped/>
  </testcase>
  <testcase classname="Test.LoginTest" name="testTrongTK[2]" time="0.035">
    <skipped/>
  </testcase>
  <testcase classname="Test.LoginTest" name="testMatkhauSai[2]" time="0.062"/>
  <testcase classname="Test.LoginTest" name="testDangNhapDung[2]" time="0.031">
    <skipped/>
  </testcase>
  <testcase classname="Test.LoginTest" name="testTKChuaDangKy[3]" time="0.053">
    <skipped/>
  </testcase>
  <testcase classname="Test.LoginTest" name="testTrongMK[3]" time="0.045">
    <skipped/>
  </testcase>
  <testcase classname="Test.LoginTest" name="testTrongTK[3]" time="0.024">
    <skipped/>
  </testcase>
  <testcase classname="Test.LoginTest" name="testMatkhauSai[3]" time="0.054">
    <skipped/>
  </testcase>
  <testcase classname="Test.LoginTest" name="testDangNhapDung[3]" time="0.019">
    <skipped/>
  </testcase>
  <testcase classname="Test.LoginTest" name="testTKChuaDangKy[4]" time="0.076"/>
  <testcase classname="Test.LoginTest" name="testTrongMK[4]" time="0.046">
    <skipped/>
  </testcase>
  <testcase classname="Test.LoginTest" name="testTrongTK[4]" time="0.017">
    <skipped/>
  </testcase>
  <testcase classname="Test.LoginTest" name="testMatkhauSai[4]" time="0.041">
    <skipped/>
  </testcase>
  <testcase classname="Test.LoginTest" name="testDangNhapDung[4]" time="0.033">
    <skipped/>
  </testcase>
  <testcase classname="Test.LoginTest" name="testTKChuaDangKy[5]" time="0.039">
    <skipped/>
  </testcase>
  <testcase classname="Test.LoginTest" name="testTrongMK[5]" time="0.038">
    <skipped/>
  </testcase>
  <testcase classname="Test.LoginTest" name="testTrongTK[5]" time="0.022">
    <skipped/>
  </testcase>
  <testcase classname="Test.LoginTest" name="testMatkhauSai[5]" time="0.023">
    <skipped/>
  </testcase>
  <testcase classname="Test.LoginTest" name="testDangNhapDung[5]" time="0.958"/>
  <testcase classname="Test.LoginTest" name="testTKChuaDangKy[6]" time="0.031">
    <skipped/>
  </testcase>
  <testcase classname="Test.LoginTest" name="testTrongMK[6]" time="0.039">
    <skipped/>
  </testcase>
  <testcase classname="Test.LoginTest" name="testTrongTK[6]" time="0.044">
    <skipped/>
  </testcase>
  <testcase classname="Test.LoginTest" name="testMatkhauSai[6]" time="0.022">
    <skipped/>
  </testcase>
  <testcase classname="Test.LoginTest" name="testDangNhapDung[6]" time="0.854"/>
  <testcase classname="Test.LoginTest" name="testTKChuaDangKy[7]" time="0.03">
    <skipped/>
  </testcase>
  <testcase classname="Test.LoginTest" name="testTrongMK[7]" time="0.037">
    <skipped/>
  </testcase>
  <testcase classname="Test.LoginTest" name="testTrongTK[7]" time="0.034">
    <skipped/>
  </testcase>
  <testcase classname="Test.LoginTest" name="testMatkhauSai[7]" time="0.033">
    <skipped/>
  </testcase>
  <testcase classname="Test.LoginTest" name="testDangNhapDung[7]" time="0.882"/>
  <testcase classname="Test.LoginTest" name="testTKChuaDangKy[8]" time="0.031">
    <skipped/>
  </testcase>
  <testcase classname="Test.LoginTest" name="testTrongMK[8]" time="0.031">
    <skipped/>
  </testcase>
  <testcase classname="Test.LoginTest" name="testTrongTK[8]" time="0.118"/>
  <testcase classname="Test.LoginTest" name="testMatkhauSai[8]" time="0.021">
    <skipped/>
  </testcase>
  <testcase classname="Test.LoginTest" name="testDangNhapDung[8]" time="0.037">
    <skipped/>
  </testcase>
  <testcase classname="Test.LoginTest" name="testTKChuaDangKy[9]" time="0.022">
    <skipped/>
  </testcase>
  <testcase classname="Test.LoginTest" name="testTrongMK[9]" time="0.116"/>
  <testcase classname="Test.LoginTest" name="testTrongTK[9]" time="0.016">
    <skipped/>
  </testcase>
  <testcase classname="Test.LoginTest" name="testMatkhauSai[9]" time="0.025">
    <skipped/>
  </testcase>
  <testcase classname="Test.LoginTest" name="testDangNhapDung[9]" time="0.043">
    <skipped/>
  </testcase>
</testsuite>