<?xml version="1.0" encoding="UTF-8" ?>
<testsuite tests="13" failures="1" name="Test.LoginTest" time="4.209" errors="0" skipped="0">
  <properties>
[...]
</properties>
  <testcase classname="Test.LoginTest" name="testDangNhapDung" time="1.3"/>
  <testcase classname="Test.LoginTest" name="testDangNhapDung" time="1.08"/>
  <testcase classname="Test.LoginTest" name="testDangNhapDung" time="1.163"/>
  <testcase classname="Test.LoginTest" name="testMatkhauSai" time="0.07"/>
  <testcase classname="Test.LoginTest" name="testMatkhauSai" time="0.018"/>
  <testcase classname="Test.LoginTest" name="testMatkhauSai" time="0.019"/>
  <testcase classname="Test.LoginTest" name="testRongMK" time="0.115"/>
  <testcase classname="Test.LoginTest" name="testRongTK" time="0.118"/>
  <testcase classname="Test.LoginTest" name="testRongTaiKhoanVaMatKhau" time="0.092">
    <failure message="expected [không để trống tên đăng nhập và không để trống mật khẩu] but found [tài khoản không tồn tại và ]" type="java.lang.AssertionError">java.lang.AssertionError: expected [không để trống tên đăng nhập và không để trống mật khẩu] but found [tài khoản không tồn tại và ]
	at org.testng.Assert.fail(Assert.java:94)
	at org.testng.Assert.failNotEquals(Assert.java:494)
	at org.testng.Assert.assertEquals(Assert.java:123)
	at org.testng.Assert.assertEquals(Assert.java:176)
	at org.testng.Assert.assertEquals(Assert.java:186)
	at Test.LoginTest.testRongTaiKhoanVaMatKhau(LoginTest.java:120)
</failure>
  </testcase>
  <testcase classname="Test.LoginTest" name="testTKChuaDangKy" time="0.027"/>
  <testcase classname="Test.LoginTest" name="testTKChuaDangKy" time="0.11"/>
  <testcase classname="Test.LoginTest" name="testTKChuaDangKy" time="0.017"/>
  <testcase classname="Test.LoginTest" name="testTKChuaDangKy" time="0.08"/>
</testsuite>